<?xml version="1.0" encoding="UTF-8"?>
<!-- Generated by org.testng.reporters.JUnitReportReporter -->
<testsuite hostname="LAPTOP-2V15E1BH" failures="0" tests="1" name="com.selenium.iFrameHandle" time="27.950" errors="0" timestamp="2022-09-09T21:48:43 PDT" skipped="0">
  <testcase classname="com.selenium.iFrameHandle" name="alerthandle" time="27.950"/>
  <system-out/>
</testsuite> <!-- com.selenium.iFrameHandle -->
