<?xml version="1.0" encoding="UTF-8"?>
<!-- Generated by org.testng.reporters.JUnitReportReporter -->
<testsuite hostname="LAPTOP-2V15E1BH" failures="0" tests="1" name="com.dell.com.automation.Popalert" time="20.250" errors="0" timestamp="2022-09-07T20:16:48 PDT" skipped="0">
  <testcase classname="com.dell.com.automation.Popalert" name="AlertHandle" time="20.250"/>
  <system-out/>
</testsuite> <!-- com.dell.com.automation.Popalert -->
