<?xml version="1.0" encoding="UTF-8"?>
<!-- Generated by org.testng.reporters.JUnitReportReporter -->
<testsuite hostname="LAPTOP-2V15E1BH" failures="0" tests="1" name="com.dell.com.automation.MouseHover" time="65.606" errors="0" timestamp="2022-09-05T22:47:20 PDT" skipped="0">
  <testcase classname="com.dell.com.automation.MouseHover" name="MHAction" time="65.606"/>
  <system-out/>
</testsuite> <!-- com.dell.com.automation.MouseHover -->
