<?xml version="1.0" encoding="UTF-8"?>
<!-- Generated by org.testng.reporters.JUnitReportReporter -->
<testsuite hostname="LAPTOP-2V15E1BH" failures="0" tests="1" name="com.selenium.AlternateClick" time="18.039" errors="0" timestamp="2022-09-09T21:09:30 PDT" skipped="0">
  <testcase classname="com.selenium.AlternateClick" name="alerthandle" time="18.039"/>
  <system-out/>
</testsuite> <!-- com.selenium.AlternateClick -->
