<?xml version="1.0" encoding="UTF-8"?>
<!-- Generated by org.testng.reporters.JUnitReportReporter -->
<testsuite hostname="LAPTOP-2V15E1BH" failures="0" tests="1" name="com.selenium.GetallURL" time="28.433" errors="0" timestamp="2022-09-09T23:21:41 PDT" skipped="0">
  <testcase classname="com.selenium.GetallURL" name="linklist" time="28.433"/>
  <system-out/>
</testsuite> <!-- com.selenium.GetallURL -->
