<?xml version="1.0" encoding="UTF-8"?>
<!-- Generated by org.testng.reporters.JUnitReportReporter -->
<testsuite hostname="LAPTOP-2V15E1BH" failures="0" tests="1" name="com.selenium.NestedFrameHandle" time="19.355" errors="0" timestamp="2022-09-09T23:53:33 PDT" skipped="0">
  <testcase classname="com.selenium.NestedFrameHandle" name="nestedframehandle" time="19.355"/>
  <system-out/>
</testsuite> <!-- com.selenium.NestedFrameHandle -->
