<?xml version="1.0" encoding="UTF-8"?>
<!-- Generated by org.testng.reporters.JUnitReportReporter -->
<testsuite hostname="LAPTOP-2V15E1BH" failures="0" tests="1" name="com.dell.com.automation.AlertHandle" time="28.267" errors="0" timestamp="2022-09-07T21:17:14 PDT" skipped="0">
  <testcase classname="com.dell.com.automation.AlertHandle" name="alerthandle" time="28.267"/>
  <system-out/>
</testsuite> <!-- com.dell.com.automation.AlertHandle -->
