<?xml version="1.0" encoding="UTF-8"?>
<!-- Generated by org.testng.reporters.JUnitReportReporter -->
<testsuite hostname="LAPTOP-2V15E1BH" failures="0" tests="1" name="com.javascriptexecutormethod.sendKeysalternate" time="16.061" errors="0" timestamp="2022-09-08T00:10:54 PDT" skipped="0">
  <testcase classname="com.javascriptexecutormethod.sendKeysalternate" name="search" time="16.061"/>
  <system-out/>
</testsuite> <!-- com.javascriptexecutormethod.sendKeysalternate -->
